2023-08-21 16:12:26,048 INFO o.a.j.u.JMeterUtils: Setting Locale to en_EN
2023-08-21 16:12:26,076 INFO o.a.j.JMeter: Loading user properties from: /usr/local/Cellar/jmeter/5.6.2/libexec/bin/user.properties
2023-08-21 16:12:26,076 INFO o.a.j.JMeter: Loading system properties from: /usr/local/Cellar/jmeter/5.6.2/libexec/bin/system.properties
2023-08-21 16:12:26,082 INFO o.a.j.JMeter: Copyright (c) 1998-2023 The Apache Software Foundation
2023-08-21 16:12:26,082 INFO o.a.j.JMeter: Version 5.6.2
2023-08-21 16:12:26,082 INFO o.a.j.JMeter: java.version=17.0.8
2023-08-21 16:12:26,082 INFO o.a.j.JMeter: java.vm.name=OpenJDK 64-Bit Server VM
2023-08-21 16:12:26,082 INFO o.a.j.JMeter: os.name=Mac OS X
2023-08-21 16:12:26,082 INFO o.a.j.JMeter: os.arch=x86_64
2023-08-21 16:12:26,082 INFO o.a.j.JMeter: os.version=12.6.3
2023-08-21 16:12:26,082 INFO o.a.j.JMeter: file.encoding=UTF-8
2023-08-21 16:12:26,083 INFO o.a.j.JMeter: java.awt.headless=null
2023-08-21 16:12:26,083 INFO o.a.j.JMeter: Max memory     =1073741824
2023-08-21 16:12:26,083 INFO o.a.j.JMeter: Available Processors =12
2023-08-21 16:12:26,092 INFO o.a.j.JMeter: Default Locale=English (EN)
2023-08-21 16:12:26,092 INFO o.a.j.JMeter: JMeter  Locale=English (EN)
2023-08-21 16:12:26,092 INFO o.a.j.JMeter: JMeterHome=/usr/local/Cellar/jmeter/5.6.2/libexec
2023-08-21 16:12:26,092 INFO o.a.j.JMeter: user.dir  =/Users/MdOmor.Faruque/Downloads/spring-boot
2023-08-21 16:12:26,092 INFO o.a.j.JMeter: PWD       =/Users/MdOmor.Faruque/Downloads/spring-boot
2023-08-21 16:12:26,099 INFO o.a.j.JMeter: IP: 10.53.173.135 Name: MRMIOMP2445 FullName: 10.53.173.135
